[debug] [2019-09-12T08:14:34.879Z] ----------------------------------------------------------------------
[debug] [2019-09-12T08:14:34.880Z] Command:       /usr/local/Cellar/node/12.8.1/bin/node /usr/local/bin/firebase deploy --only functions
[debug] [2019-09-12T08:14:34.881Z] CLI Version:   7.2.0
[debug] [2019-09-12T08:14:34.881Z] Platform:      darwin
[debug] [2019-09-12T08:14:34.881Z] Node Version:  v12.8.1
[debug] [2019-09-12T08:14:34.881Z] Time:          Thu Sep 12 2019 13:44:34 GMT+0530 (India Standard Time)
[debug] [2019-09-12T08:14:34.881Z] ----------------------------------------------------------------------
[debug] 
[debug] [2019-09-12T08:14:34.886Z] > command requires scopes: ["email","openid","https://www.googleapis.com/auth/cloudplatformprojects.readonly","https://www.googleapis.com/auth/firebase","https://www.googleapis.com/auth/cloud-platform"]
[debug] [2019-09-12T08:14:34.886Z] > authorizing via signed-in user
[debug] [2019-09-12T08:14:34.887Z] [iam] checking project redux-observable-todos for permissions ["cloudfunctions.functions.create","cloudfunctions.functions.delete","cloudfunctions.functions.get","cloudfunctions.functions.list","cloudfunctions.functions.update","cloudfunctions.operations.get","firebase.projects.get"]
[debug] [2019-09-12T08:14:34.888Z] > refreshing access token with scopes: ["email","https://www.googleapis.com/auth/cloud-platform","https://www.googleapis.com/auth/cloudplatformprojects.readonly","https://www.googleapis.com/auth/firebase","openid"]
[debug] [2019-09-12T08:14:34.888Z] >>> HTTP REQUEST POST https://www.googleapis.com/oauth2/v3/token  
 <request body omitted>
[debug] [2019-09-12T08:14:35.232Z] <<< HTTP RESPONSE 200
[debug] [2019-09-12T08:14:35.247Z] >>> HTTP REQUEST POST https://cloudresourcemanager.googleapis.com/v1/projects/redux-observable-todos:testIamPermissions  

[debug] [2019-09-12T08:14:36.974Z] <<< HTTP RESPONSE 200
[info] 
[info] === Deploying to 'redux-observable-todos'...
[info] 
[info] i  deploying functions
[debug] [2019-09-12T08:14:38.160Z] > [functions] package.json contents: {
  "name": "functions",
  "description": "Cloud Functions for Firebase",
  "scripts": {
    "serve": "firebase serve --only functions",
    "shell": "firebase functions:shell",
    "start": "npm run shell",
    "deploy": "firebase deploy --only functions",
    "logs": "firebase functions:log"
  },
  "engines": {
    "node": "10"
  },
  "dependencies": {
    "body-parser": "^1.19.0",
    "cors": "^2.8.5",
    "express": "^4.17.1",
    "firebase-admin": "^8.0.0",
    "firebase-functions": "^3.1.0",
    "moment": "^2.24.0",
    "morgan": "^1.9.1"
  },
  "devDependencies": {
    "firebase-functions-test": "^0.1.6"
  },
  "private": true
}
[info] i  functions: ensuring necessary APIs are enabled...
[debug] [2019-09-12T08:14:38.161Z] >>> HTTP REQUEST GET https://servicemanagement.googleapis.com/v1/services/cloudfunctions.googleapis.com/projectSettings/redux-observable-todos?view=CONSUMER_VIEW  
 
[debug] [2019-09-12T08:14:38.161Z] >>> HTTP REQUEST GET https://servicemanagement.googleapis.com/v1/services/runtimeconfig.googleapis.com/projectSettings/redux-observable-todos?view=CONSUMER_VIEW  
 
